Writing PID to /var/www/app/thin/thin.pid
Exiting!
/home/vagrant/.rbenv/versions/2.3.2/lib/ruby/2.3.0/rubygems/core_ext/kernel_require.rb:55:in `require': cannot load such file -- sinatra/contrib (LoadError)
	from /home/vagrant/.rbenv/versions/2.3.2/lib/ruby/2.3.0/rubygems/core_ext/kernel_require.rb:55:in `require'
	from /var/www/app/config.ru:4:in `block in <main>'
	from /home/vagrant/.rbenv/versions/2.3.2/lib/ruby/gems/2.3.0/gems/rack-1.6.5/lib/rack/builder.rb:55:in `instance_eval'
	from /home/vagrant/.rbenv/versions/2.3.2/lib/ruby/gems/2.3.0/gems/rack-1.6.5/lib/rack/builder.rb:55:in `initialize'
	from /var/www/app/config.ru:1:in `new'
	from /var/www/app/config.ru:1:in `<main>'
	from /home/vagrant/.rbenv/versions/2.3.2/lib/ruby/gems/2.3.0/gems/thin-1.7.0/lib/rack/adapter/loader.rb:33:in `eval'
	from /home/vagrant/.rbenv/versions/2.3.2/lib/ruby/gems/2.3.0/gems/thin-1.7.0/lib/rack/adapter/loader.rb:33:in `load'
	from /home/vagrant/.rbenv/versions/2.3.2/lib/ruby/gems/2.3.0/gems/thin-1.7.0/lib/thin/controllers/controller.rb:182:in `load_rackup_config'
	from /home/vagrant/.rbenv/versions/2.3.2/lib/ruby/gems/2.3.0/gems/thin-1.7.0/lib/thin/controllers/controller.rb:72:in `start'
	from /home/vagrant/.rbenv/versions/2.3.2/lib/ruby/gems/2.3.0/gems/thin-1.7.0/lib/thin/runner.rb:200:in `run_command'
	from /home/vagrant/.rbenv/versions/2.3.2/lib/ruby/gems/2.3.0/gems/thin-1.7.0/lib/thin/runner.rb:156:in `run!'
	from /home/vagrant/.rbenv/versions/2.3.2/lib/ruby/gems/2.3.0/gems/thin-1.7.0/bin/thin:6:in `<top (required)>'
	from /home/vagrant/.rbenv/versions/2.3.2/bin/thin:22:in `load'
	from /home/vagrant/.rbenv/versions/2.3.2/bin/thin:22:in `<main>'
Writing PID to /var/www/app/thin/thin.pid
Exiting!
/home/vagrant/.rbenv/versions/2.3.2/lib/ruby/2.3.0/rubygems/core_ext/kernel_require.rb:55:in `require': /var/www/app/models/sections.rb:6: syntax error, unexpected tCONSTANT, expecting keyword_end (SyntaxError)
	property :icon_url		String, :length => 255
	                  		      ^
/var/www/app/models/sections.rb:6: syntax error, unexpected =>, expecting &. or :: or '[' or '.'
	property :icon_url		String, :length => 255
	                  		                  ^
	from /home/vagrant/.rbenv/versions/2.3.2/lib/ruby/2.3.0/rubygems/core_ext/kernel_require.rb:55:in `require'
	from /home/vagrant/.rbenv/versions/2.3.2/lib/ruby/gems/2.3.0/gems/backports-3.6.8/lib/backports/std_lib.rb:9:in `require_with_backports'
	from /var/www/app/config.ru:11:in `block (2 levels) in <main>'
	from /var/www/app/config.ru:11:in `each'
	from /var/www/app/config.ru:11:in `block in <main>'
	from /home/vagrant/.rbenv/versions/2.3.2/lib/ruby/gems/2.3.0/gems/rack-1.6.5/lib/rack/builder.rb:55:in `instance_eval'
	from /home/vagrant/.rbenv/versions/2.3.2/lib/ruby/gems/2.3.0/gems/rack-1.6.5/lib/rack/builder.rb:55:in `initialize'
	from /var/www/app/config.ru:1:in `new'
	from /var/www/app/config.ru:1:in `<main>'
	from /home/vagrant/.rbenv/versions/2.3.2/lib/ruby/gems/2.3.0/gems/thin-1.7.0/lib/rack/adapter/loader.rb:33:in `eval'
	from /home/vagrant/.rbenv/versions/2.3.2/lib/ruby/gems/2.3.0/gems/thin-1.7.0/lib/rack/adapter/loader.rb:33:in `load'
	from /home/vagrant/.rbenv/versions/2.3.2/lib/ruby/gems/2.3.0/gems/thin-1.7.0/lib/thin/controllers/controller.rb:182:in `load_rackup_config'
	from /home/vagrant/.rbenv/versions/2.3.2/lib/ruby/gems/2.3.0/gems/thin-1.7.0/lib/thin/controllers/controller.rb:72:in `start'
	from /home/vagrant/.rbenv/versions/2.3.2/lib/ruby/gems/2.3.0/gems/thin-1.7.0/lib/thin/runner.rb:200:in `run_command'
	from /home/vagrant/.rbenv/versions/2.3.2/lib/ruby/gems/2.3.0/gems/thin-1.7.0/lib/thin/runner.rb:156:in `run!'
	from /home/vagrant/.rbenv/versions/2.3.2/lib/ruby/gems/2.3.0/gems/thin-1.7.0/bin/thin:6:in `<top (required)>'
	from /home/vagrant/.rbenv/versions/2.3.2/bin/thin:22:in `load'
	from /home/vagrant/.rbenv/versions/2.3.2/bin/thin:22:in `<main>'
Writing PID to /var/www/app/thin/thin.pid
Exiting!
/home/vagrant/.rbenv/versions/2.3.2/lib/ruby/gems/2.3.0/gems/execjs-2.7.0/lib/execjs/runtimes.rb:58:in `autodetect': Could not find a JavaScript runtime. See https://github.com/rails/execjs for a list of available runtimes. (ExecJS::RuntimeUnavailable)
	from /home/vagrant/.rbenv/versions/2.3.2/lib/ruby/gems/2.3.0/gems/execjs-2.7.0/lib/execjs.rb:5:in `<module:ExecJS>'
	from /home/vagrant/.rbenv/versions/2.3.2/lib/ruby/gems/2.3.0/gems/execjs-2.7.0/lib/execjs.rb:4:in `<top (required)>'
	from /home/vagrant/.rbenv/versions/2.3.2/lib/ruby/2.3.0/rubygems/core_ext/kernel_require.rb:55:in `require'
	from /home/vagrant/.rbenv/versions/2.3.2/lib/ruby/2.3.0/rubygems/core_ext/kernel_require.rb:55:in `require'
	from /home/vagrant/.rbenv/versions/2.3.2/lib/ruby/gems/2.3.0/gems/backports-3.6.8/lib/backports/std_lib.rb:9:in `require_with_backports'
	from /home/vagrant/.rbenv/versions/2.3.2/lib/ruby/gems/2.3.0/gems/coffee-script-2.4.1/lib/coffee_script.rb:1:in `<top (required)>'
	from /home/vagrant/.rbenv/versions/2.3.2/lib/ruby/2.3.0/rubygems/core_ext/kernel_require.rb:55:in `require'
	from /home/vagrant/.rbenv/versions/2.3.2/lib/ruby/2.3.0/rubygems/core_ext/kernel_require.rb:55:in `require'
	from /home/vagrant/.rbenv/versions/2.3.2/lib/ruby/gems/2.3.0/gems/backports-3.6.8/lib/backports/std_lib.rb:9:in `require_with_backports'
	from /home/vagrant/.rbenv/versions/2.3.2/lib/ruby/gems/2.3.0/gems/coffee-script-2.4.1/lib/coffee-script.rb:1:in `<top (required)>'
	from /home/vagrant/.rbenv/versions/2.3.2/lib/ruby/2.3.0/rubygems/core_ext/kernel_require.rb:127:in `require'
	from /home/vagrant/.rbenv/versions/2.3.2/lib/ruby/2.3.0/rubygems/core_ext/kernel_require.rb:127:in `rescue in require'
	from /home/vagrant/.rbenv/versions/2.3.2/lib/ruby/2.3.0/rubygems/core_ext/kernel_require.rb:40:in `require'
	from /home/vagrant/.rbenv/versions/2.3.2/lib/ruby/gems/2.3.0/gems/backports-3.6.8/lib/backports/std_lib.rb:9:in `require_with_backports'
	from /var/www/app/controllers/web.rb:3:in `<top (required)>'
	from /home/vagrant/.rbenv/versions/2.3.2/lib/ruby/2.3.0/rubygems/core_ext/kernel_require.rb:55:in `require'
	from /home/vagrant/.rbenv/versions/2.3.2/lib/ruby/2.3.0/rubygems/core_ext/kernel_require.rb:55:in `require'
	from /home/vagrant/.rbenv/versions/2.3.2/lib/ruby/gems/2.3.0/gems/backports-3.6.8/lib/backports/std_lib.rb:9:in `require_with_backports'
	from /var/www/app/config.ru:20:in `block (2 levels) in <main>'
	from /var/www/app/config.ru:20:in `each'
	from /var/www/app/config.ru:20:in `block in <main>'
	from /home/vagrant/.rbenv/versions/2.3.2/lib/ruby/gems/2.3.0/gems/rack-1.6.5/lib/rack/builder.rb:55:in `instance_eval'
	from /home/vagrant/.rbenv/versions/2.3.2/lib/ruby/gems/2.3.0/gems/rack-1.6.5/lib/rack/builder.rb:55:in `initialize'
	from /var/www/app/config.ru:1:in `new'
	from /var/www/app/config.ru:1:in `<main>'
	from /home/vagrant/.rbenv/versions/2.3.2/lib/ruby/gems/2.3.0/gems/thin-1.7.0/lib/rack/adapter/loader.rb:33:in `eval'
	from /home/vagrant/.rbenv/versions/2.3.2/lib/ruby/gems/2.3.0/gems/thin-1.7.0/lib/rack/adapter/loader.rb:33:in `load'
	from /home/vagrant/.rbenv/versions/2.3.2/lib/ruby/gems/2.3.0/gems/thin-1.7.0/lib/thin/controllers/controller.rb:182:in `load_rackup_config'
	from /home/vagrant/.rbenv/versions/2.3.2/lib/ruby/gems/2.3.0/gems/thin-1.7.0/lib/thin/controllers/controller.rb:72:in `start'
	from /home/vagrant/.rbenv/versions/2.3.2/lib/ruby/gems/2.3.0/gems/thin-1.7.0/lib/thin/runner.rb:200:in `run_command'
	from /home/vagrant/.rbenv/versions/2.3.2/lib/ruby/gems/2.3.0/gems/thin-1.7.0/lib/thin/runner.rb:156:in `run!'
	from /home/vagrant/.rbenv/versions/2.3.2/lib/ruby/gems/2.3.0/gems/thin-1.7.0/bin/thin:6:in `<top (required)>'
	from /home/vagrant/.rbenv/versions/2.3.2/bin/thin:22:in `load'
	from /home/vagrant/.rbenv/versions/2.3.2/bin/thin:22:in `<main>'
Writing PID to /var/www/app/thin/thin.pid
Thin web server (v1.7.0 codename Dunder Mifflin)
Maximum connections set to 1024
Listening on 0.0.0.0:8080, CTRL+C to stop
2017-01-15 18:12:55 - NoMethodError - undefined method `events' for nil:NilClass:
	/var/www/app/controllers/records.rb:52:in `block (2 levels) in <class:RecordsController>'
	/var/www/app/managers/response.rb:15:in `for'
	/var/www/app/controllers/records.rb:51:in `block in <class:RecordsController>'
	/home/vagrant/.rbenv/versions/2.3.2/lib/ruby/gems/2.3.0/gems/sinatra-1.4.7/lib/sinatra/base.rb:1611:in `call'
	/home/vagrant/.rbenv/versions/2.3.2/lib/ruby/gems/2.3.0/gems/sinatra-1.4.7/lib/sinatra/base.rb:1611:in `block in compile!'
	/home/vagrant/.rbenv/versions/2.3.2/lib/ruby/gems/2.3.0/gems/sinatra-1.4.7/lib/sinatra/base.rb:975:in `block (3 levels) in route!'
	/home/vagrant/.rbenv/versions/2.3.2/lib/ruby/gems/2.3.0/gems/sinatra-1.4.7/lib/sinatra/base.rb:994:in `route_eval'
	/home/vagrant/.rbenv/versions/2.3.2/lib/ruby/gems/2.3.0/gems/sinatra-1.4.7/lib/sinatra/base.rb:975:in `block (2 levels) in route!'
	/home/vagrant/.rbenv/versions/2.3.2/lib/ruby/gems/2.3.0/gems/sinatra-1.4.7/lib/sinatra/base.rb:1015:in `block in process_route'
	/home/vagrant/.rbenv/versions/2.3.2/lib/ruby/gems/2.3.0/gems/sinatra-1.4.7/lib/sinatra/base.rb:1013:in `catch'
	/home/vagrant/.rbenv/versions/2.3.2/lib/ruby/gems/2.3.0/gems/sinatra-1.4.7/lib/sinatra/base.rb:1013:in `process_route'
	/home/vagrant/.rbenv/versions/2.3.2/lib/ruby/gems/2.3.0/gems/sinatra-1.4.7/lib/sinatra/base.rb:973:in `block in route!'
	/home/vagrant/.rbenv/versions/2.3.2/lib/ruby/gems/2.3.0/gems/sinatra-1.4.7/lib/sinatra/base.rb:972:in `each'
	/home/vagrant/.rbenv/versions/2.3.2/lib/ruby/gems/2.3.0/gems/sinatra-1.4.7/lib/sinatra/base.rb:972:in `route!'
	/home/vagrant/.rbenv/versions/2.3.2/lib/ruby/gems/2.3.0/gems/sinatra-1.4.7/lib/sinatra/base.rb:1085:in `block in dispatch!'
	/home/vagrant/.rbenv/versions/2.3.2/lib/ruby/gems/2.3.0/gems/sinatra-1.4.7/lib/sinatra/base.rb:1067:in `block in invoke'
	/home/vagrant/.rbenv/versions/2.3.2/lib/ruby/gems/2.3.0/gems/sinatra-1.4.7/lib/sinatra/base.rb:1067:in `catch'
	/home/vagrant/.rbenv/versions/2.3.2/lib/ruby/gems/2.3.0/gems/sinatra-1.4.7/lib/sinatra/base.rb:1067:in `invoke'
	/home/vagrant/.rbenv/versions/2.3.2/lib/ruby/gems/2.3.0/gems/sinatra-1.4.7/lib/sinatra/base.rb:1082:in `dispatch!'
	/home/vagrant/.rbenv/versions/2.3.2/lib/ruby/gems/2.3.0/gems/sinatra-1.4.7/lib/sinatra/base.rb:907:in `block in call!'
	/home/vagrant/.rbenv/versions/2.3.2/lib/ruby/gems/2.3.0/gems/sinatra-1.4.7/lib/sinatra/base.rb:1067:in `block in invoke'
	/home/vagrant/.rbenv/versions/2.3.2/lib/ruby/gems/2.3.0/gems/sinatra-1.4.7/lib/sinatra/base.rb:1067:in `catch'
	/home/vagrant/.rbenv/versions/2.3.2/lib/ruby/gems/2.3.0/gems/sinatra-1.4.7/lib/sinatra/base.rb:1067:in `invoke'
	/home/vagrant/.rbenv/versions/2.3.2/lib/ruby/gems/2.3.0/gems/sinatra-1.4.7/lib/sinatra/base.rb:907:in `call!'
	/home/vagrant/.rbenv/versions/2.3.2/lib/ruby/gems/2.3.0/gems/sinatra-1.4.7/lib/sinatra/base.rb:895:in `call'
	/home/vagrant/.rbenv/versions/2.3.2/lib/ruby/gems/2.3.0/gems/rack-protection-1.5.3/lib/rack/protection/xss_header.rb:18:in `call'
	/home/vagrant/.rbenv/versions/2.3.2/lib/ruby/gems/2.3.0/gems/rack-protection-1.5.3/lib/rack/protection/path_traversal.rb:16:in `call'
	/home/vagrant/.rbenv/versions/2.3.2/lib/ruby/gems/2.3.0/gems/rack-protection-1.5.3/lib/rack/protection/json_csrf.rb:18:in `call'
	/home/vagrant/.rbenv/versions/2.3.2/lib/ruby/gems/2.3.0/gems/rack-protection-1.5.3/lib/rack/protection/base.rb:49:in `call'
	/home/vagrant/.rbenv/versions/2.3.2/lib/ruby/gems/2.3.0/gems/rack-protection-1.5.3/lib/rack/protection/base.rb:49:in `call'
	/home/vagrant/.rbenv/versions/2.3.2/lib/ruby/gems/2.3.0/gems/rack-protection-1.5.3/lib/rack/protection/frame_options.rb:31:in `call'
	/home/vagrant/.rbenv/versions/2.3.2/lib/ruby/gems/2.3.0/gems/rack-1.6.5/lib/rack/nulllogger.rb:9:in `call'
	/home/vagrant/.rbenv/versions/2.3.2/lib/ruby/gems/2.3.0/gems/rack-1.6.5/lib/rack/head.rb:13:in `call'
	/home/vagrant/.rbenv/versions/2.3.2/lib/ruby/gems/2.3.0/gems/rack-1.6.5/lib/rack/methodoverride.rb:22:in `call'
	/home/vagrant/.rbenv/versions/2.3.2/lib/ruby/gems/2.3.0/gems/sinatra-1.4.7/lib/sinatra/show_exceptions.rb:25:in `call'
	/home/vagrant/.rbenv/versions/2.3.2/lib/ruby/gems/2.3.0/gems/sinatra-1.4.7/lib/sinatra/base.rb:182:in `call'
	/home/vagrant/.rbenv/versions/2.3.2/lib/ruby/gems/2.3.0/gems/sinatra-1.4.7/lib/sinatra/base.rb:2013:in `call'
	/home/vagrant/.rbenv/versions/2.3.2/lib/ruby/gems/2.3.0/gems/sinatra-1.4.7/lib/sinatra/base.rb:1487:in `block in call'
	/home/vagrant/.rbenv/versions/2.3.2/lib/ruby/gems/2.3.0/gems/sinatra-1.4.7/lib/sinatra/base.rb:1787:in `synchronize'
	/home/vagrant/.rbenv/versions/2.3.2/lib/ruby/gems/2.3.0/gems/sinatra-1.4.7/lib/sinatra/base.rb:1487:in `call'
	/home/vagrant/.rbenv/versions/2.3.2/lib/ruby/gems/2.3.0/gems/rack-1.6.5/lib/rack/urlmap.rb:66:in `block in call'
	/home/vagrant/.rbenv/versions/2.3.2/lib/ruby/gems/2.3.0/gems/rack-1.6.5/lib/rack/urlmap.rb:50:in `each'
	/home/vagrant/.rbenv/versions/2.3.2/lib/ruby/gems/2.3.0/gems/rack-1.6.5/lib/rack/urlmap.rb:50:in `call'
	/home/vagrant/.rbenv/versions/2.3.2/lib/ruby/gems/2.3.0/gems/thin-1.7.0/lib/thin/connection.rb:86:in `block in pre_process'
	/home/vagrant/.rbenv/versions/2.3.2/lib/ruby/gems/2.3.0/gems/thin-1.7.0/lib/thin/connection.rb:84:in `catch'
	/home/vagrant/.rbenv/versions/2.3.2/lib/ruby/gems/2.3.0/gems/thin-1.7.0/lib/thin/connection.rb:84:in `pre_process'
	/home/vagrant/.rbenv/versions/2.3.2/lib/ruby/gems/2.3.0/gems/thin-1.7.0/lib/thin/connection.rb:53:in `process'
	/home/vagrant/.rbenv/versions/2.3.2/lib/ruby/gems/2.3.0/gems/thin-1.7.0/lib/thin/connection.rb:39:in `receive_data'
	/home/vagrant/.rbenv/versions/2.3.2/lib/ruby/gems/2.3.0/gems/eventmachine-1.2.1/lib/eventmachine.rb:194:in `run_machine'
	/home/vagrant/.rbenv/versions/2.3.2/lib/ruby/gems/2.3.0/gems/eventmachine-1.2.1/lib/eventmachine.rb:194:in `run'
	/home/vagrant/.rbenv/versions/2.3.2/lib/ruby/gems/2.3.0/gems/thin-1.7.0/lib/thin/backends/base.rb:73:in `start'
	/home/vagrant/.rbenv/versions/2.3.2/lib/ruby/gems/2.3.0/gems/thin-1.7.0/lib/thin/server.rb:162:in `start'
	/home/vagrant/.rbenv/versions/2.3.2/lib/ruby/gems/2.3.0/gems/thin-1.7.0/lib/thin/controllers/controller.rb:87:in `start'
	/home/vagrant/.rbenv/versions/2.3.2/lib/ruby/gems/2.3.0/gems/thin-1.7.0/lib/thin/runner.rb:200:in `run_command'
	/home/vagrant/.rbenv/versions/2.3.2/lib/ruby/gems/2.3.0/gems/thin-1.7.0/lib/thin/runner.rb:156:in `run!'
	/home/vagrant/.rbenv/versions/2.3.2/lib/ruby/gems/2.3.0/gems/thin-1.7.0/bin/thin:6:in `<top (required)>'
	/home/vagrant/.rbenv/versions/2.3.2/bin/thin:22:in `load'
	/home/vagrant/.rbenv/versions/2.3.2/bin/thin:22:in `<main>'
2017-01-15 18:12:55 - DataObjects::DataError - ERROR:  invalid input syntax for integer: "undefined"
LINE 1: ...ECT "event_id" FROM "attendees" WHERE "user_id" = 'undefined...
                                                             ^
:
	/home/vagrant/.rbenv/versions/2.3.2/lib/ruby/gems/2.3.0/gems/dm-do-adapter-1.2.0/lib/dm-do-adapter/adapter.rb:147:in `execute_reader'
	/home/vagrant/.rbenv/versions/2.3.2/lib/ruby/gems/2.3.0/gems/dm-do-adapter-1.2.0/lib/dm-do-adapter/adapter.rb:147:in `block in read'
	/home/vagrant/.rbenv/versions/2.3.2/lib/ruby/gems/2.3.0/gems/dm-do-adapter-1.2.0/lib/dm-do-adapter/adapter.rb:276:in `with_connection'
	/home/vagrant/.rbenv/versions/2.3.2/lib/ruby/gems/2.3.0/gems/dm-do-adapter-1.2.0/lib/dm-do-adapter/adapter.rb:141:in `read'
	/home/vagrant/.rbenv/versions/2.3.2/lib/ruby/gems/2.3.0/gems/dm-core-1.2.1/lib/dm-core/repository.rb:162:in `read'
	/home/vagrant/.rbenv/versions/2.3.2/lib/ruby/gems/2.3.0/gems/dm-core-1.2.1/lib/dm-core/collection.rb:1118:in `lazy_load'
	/home/vagrant/.rbenv/versions/2.3.2/lib/ruby/gems/2.3.0/gems/dm-core-1.2.1/lib/dm-core/support/lazy_array.rb:409:in `each'
	/home/vagrant/.rbenv/versions/2.3.2/lib/ruby/gems/2.3.0/gems/dm-core-1.2.1/lib/dm-core/collection.rb:505:in `each'
	/home/vagrant/.rbenv/versions/2.3.2/lib/ruby/gems/2.3.0/gems/dm-serializer-1.2.2/lib/dm-serializer/to_json.rb:85:in `map'
	/home/vagrant/.rbenv/versions/2.3.2/lib/ruby/gems/2.3.0/gems/dm-serializer-1.2.2/lib/dm-serializer/to_json.rb:85:in `to_json'
	/var/www/app/controllers/query.rb:41:in `block in <class:QueryController>'
	/home/vagrant/.rbenv/versions/2.3.2/lib/ruby/gems/2.3.0/gems/sinatra-1.4.7/lib/sinatra/base.rb:1611:in `call'
	/home/vagrant/.rbenv/versions/2.3.2/lib/ruby/gems/2.3.0/gems/sinatra-1.4.7/lib/sinatra/base.rb:1611:in `block in compile!'
	/home/vagrant/.rbenv/versions/2.3.2/lib/ruby/gems/2.3.0/gems/sinatra-1.4.7/lib/sinatra/base.rb:975:in `block (3 levels) in route!'
	/home/vagrant/.rbenv/versions/2.3.2/lib/ruby/gems/2.3.0/gems/sinatra-1.4.7/lib/sinatra/base.rb:994:in `route_eval'
	/home/vagrant/.rbenv/versions/2.3.2/lib/ruby/gems/2.3.0/gems/sinatra-1.4.7/lib/sinatra/base.rb:975:in `block (2 levels) in route!'
	/home/vagrant/.rbenv/versions/2.3.2/lib/ruby/gems/2.3.0/gems/sinatra-1.4.7/lib/sinatra/base.rb:1015:in `block in process_route'
	/home/vagrant/.rbenv/versions/2.3.2/lib/ruby/gems/2.3.0/gems/sinatra-1.4.7/lib/sinatra/base.rb:1013:in `catch'
	/home/vagrant/.rbenv/versions/2.3.2/lib/ruby/gems/2.3.0/gems/sinatra-1.4.7/lib/sinatra/base.rb:1013:in `process_route'
	/home/vagrant/.rbenv/versions/2.3.2/lib/ruby/gems/2.3.0/gems/sinatra-1.4.7/lib/sinatra/base.rb:973:in `block in route!'
	/home/vagrant/.rbenv/versions/2.3.2/lib/ruby/gems/2.3.0/gems/sinatra-1.4.7/lib/sinatra/base.rb:972:in `each'
	/home/vagrant/.rbenv/versions/2.3.2/lib/ruby/gems/2.3.0/gems/sinatra-1.4.7/lib/sinatra/base.rb:972:in `route!'
	/home/vagrant/.rbenv/versions/2.3.2/lib/ruby/gems/2.3.0/gems/sinatra-1.4.7/lib/sinatra/base.rb:1085:in `block in dispatch!'
	/home/vagrant/.rbenv/versions/2.3.2/lib/ruby/gems/2.3.0/gems/sinatra-1.4.7/lib/sinatra/base.rb:1067:in `block in invoke'
	/home/vagrant/.rbenv/versions/2.3.2/lib/ruby/gems/2.3.0/gems/sinatra-1.4.7/lib/sinatra/base.rb:1067:in `catch'
	/home/vagrant/.rbenv/versions/2.3.2/lib/ruby/gems/2.3.0/gems/sinatra-1.4.7/lib/sinatra/base.rb:1067:in `invoke'
	/home/vagrant/.rbenv/versions/2.3.2/lib/ruby/gems/2.3.0/gems/sinatra-1.4.7/lib/sinatra/base.rb:1082:in `dispatch!'
	/home/vagrant/.rbenv/versions/2.3.2/lib/ruby/gems/2.3.0/gems/sinatra-1.4.7/lib/sinatra/base.rb:907:in `block in call!'
	/home/vagrant/.rbenv/versions/2.3.2/lib/ruby/gems/2.3.0/gems/sinatra-1.4.7/lib/sinatra/base.rb:1067:in `block in invoke'
	/home/vagrant/.rbenv/versions/2.3.2/lib/ruby/gems/2.3.0/gems/sinatra-1.4.7/lib/sinatra/base.rb:1067:in `catch'
	/home/vagrant/.rbenv/versions/2.3.2/lib/ruby/gems/2.3.0/gems/sinatra-1.4.7/lib/sinatra/base.rb:1067:in `invoke'
	/home/vagrant/.rbenv/versions/2.3.2/lib/ruby/gems/2.3.0/gems/sinatra-1.4.7/lib/sinatra/base.rb:907:in `call!'
	/home/vagrant/.rbenv/versions/2.3.2/lib/ruby/gems/2.3.0/gems/sinatra-1.4.7/lib/sinatra/base.rb:895:in `call'
	/home/vagrant/.rbenv/versions/2.3.2/lib/ruby/gems/2.3.0/gems/rack-protection-1.5.3/lib/rack/protection/xss_header.rb:18:in `call'
	/home/vagrant/.rbenv/versions/2.3.2/lib/ruby/gems/2.3.0/gems/rack-protection-1.5.3/lib/rack/protection/path_traversal.rb:16:in `call'
	/home/vagrant/.rbenv/versions/2.3.2/lib/ruby/gems/2.3.0/gems/rack-protection-1.5.3/lib/rack/protection/json_csrf.rb:18:in `call'
	/home/vagrant/.rbenv/versions/2.3.2/lib/ruby/gems/2.3.0/gems/rack-protection-1.5.3/lib/rack/protection/base.rb:49:in `call'
	/home/vagrant/.rbenv/versions/2.3.2/lib/ruby/gems/2.3.0/gems/rack-protection-1.5.3/lib/rack/protection/base.rb:49:in `call'
	/home/vagrant/.rbenv/versions/2.3.2/lib/ruby/gems/2.3.0/gems/rack-protection-1.5.3/lib/rack/protection/frame_options.rb:31:in `call'
	/home/vagrant/.rbenv/versions/2.3.2/lib/ruby/gems/2.3.0/gems/rack-1.6.5/lib/rack/nulllogger.rb:9:in `call'
	/home/vagrant/.rbenv/versions/2.3.2/lib/ruby/gems/2.3.0/gems/rack-1.6.5/lib/rack/head.rb:13:in `call'
	/home/vagrant/.rbenv/versions/2.3.2/lib/ruby/gems/2.3.0/gems/rack-1.6.5/lib/rack/methodoverride.rb:22:in `call'
	/home/vagrant/.rbenv/versions/2.3.2/lib/ruby/gems/2.3.0/gems/sinatra-1.4.7/lib/sinatra/show_exceptions.rb:25:in `call'
	/home/vagrant/.rbenv/versions/2.3.2/lib/ruby/gems/2.3.0/gems/sinatra-1.4.7/lib/sinatra/base.rb:182:in `call'
	/home/vagrant/.rbenv/versions/2.3.2/lib/ruby/gems/2.3.0/gems/sinatra-1.4.7/lib/sinatra/base.rb:2013:in `call'
	/home/vagrant/.rbenv/versions/2.3.2/lib/ruby/gems/2.3.0/gems/sinatra-1.4.7/lib/sinatra/base.rb:1487:in `block in call'
	/home/vagrant/.rbenv/versions/2.3.2/lib/ruby/gems/2.3.0/gems/sinatra-1.4.7/lib/sinatra/base.rb:1787:in `synchronize'
	/home/vagrant/.rbenv/versions/2.3.2/lib/ruby/gems/2.3.0/gems/sinatra-1.4.7/lib/sinatra/base.rb:1487:in `call'
	/home/vagrant/.rbenv/versions/2.3.2/lib/ruby/gems/2.3.0/gems/rack-1.6.5/lib/rack/urlmap.rb:66:in `block in call'
	/home/vagrant/.rbenv/versions/2.3.2/lib/ruby/gems/2.3.0/gems/rack-1.6.5/lib/rack/urlmap.rb:50:in `each'
	/home/vagrant/.rbenv/versions/2.3.2/lib/ruby/gems/2.3.0/gems/rack-1.6.5/lib/rack/urlmap.rb:50:in `call'
	/home/vagrant/.rbenv/versions/2.3.2/lib/ruby/gems/2.3.0/gems/thin-1.7.0/lib/thin/connection.rb:86:in `block in pre_process'
	/home/vagrant/.rbenv/versions/2.3.2/lib/ruby/gems/2.3.0/gems/thin-1.7.0/lib/thin/connection.rb:84:in `catch'
	/home/vagrant/.rbenv/versions/2.3.2/lib/ruby/gems/2.3.0/gems/thin-1.7.0/lib/thin/connection.rb:84:in `pre_process'
	/home/vagrant/.rbenv/versions/2.3.2/lib/ruby/gems/2.3.0/gems/thin-1.7.0/lib/thin/connection.rb:53:in `process'
	/home/vagrant/.rbenv/versions/2.3.2/lib/ruby/gems/2.3.0/gems/thin-1.7.0/lib/thin/connection.rb:39:in `receive_data'
	/home/vagrant/.rbenv/versions/2.3.2/lib/ruby/gems/2.3.0/gems/eventmachine-1.2.1/lib/eventmachine.rb:194:in `run_machine'
	/home/vagrant/.rbenv/versions/2.3.2/lib/ruby/gems/2.3.0/gems/eventmachine-1.2.1/lib/eventmachine.rb:194:in `run'
	/home/vagrant/.rbenv/versions/2.3.2/lib/ruby/gems/2.3.0/gems/thin-1.7.0/lib/thin/backends/base.rb:73:in `start'
	/home/vagrant/.rbenv/versions/2.3.2/lib/ruby/gems/2.3.0/gems/thin-1.7.0/lib/thin/server.rb:162:in `start'
	/home/vagrant/.rbenv/versions/2.3.2/lib/ruby/gems/2.3.0/gems/thin-1.7.0/lib/thin/controllers/controller.rb:87:in `start'
	/home/vagrant/.rbenv/versions/2.3.2/lib/ruby/gems/2.3.0/gems/thin-1.7.0/lib/thin/runner.rb:200:in `run_command'
	/home/vagrant/.rbenv/versions/2.3.2/lib/ruby/gems/2.3.0/gems/thin-1.7.0/lib/thin/runner.rb:156:in `run!'
	/home/vagrant/.rbenv/versions/2.3.2/lib/ruby/gems/2.3.0/gems/thin-1.7.0/bin/thin:6:in `<top (required)>'
	/home/vagrant/.rbenv/versions/2.3.2/bin/thin:22:in `load'
	/home/vagrant/.rbenv/versions/2.3.2/bin/thin:22:in `<main>'
